[2025-08-08T12:23:42.166+0000] {taskinstance.py:1956} INFO - Dependencies all met for dep_context=non-requeueable deps ti=<TaskInstance: stock_data_pipeline.fetch_and_store_stock_data manual__2025-08-08T12:23:40.425042+00:00 [queued]>
[2025-08-08T12:23:42.180+0000] {taskinstance.py:1956} INFO - Dependencies all met for dep_context=requeueable deps ti=<TaskInstance: stock_data_pipeline.fetch_and_store_stock_data manual__2025-08-08T12:23:40.425042+00:00 [queued]>
[2025-08-08T12:23:42.181+0000] {taskinstance.py:2170} INFO - Starting attempt 1 of 4
[2025-08-08T12:23:42.201+0000] {taskinstance.py:2191} INFO - Executing <Task(PythonOperator): fetch_and_store_stock_data> on 2025-08-08 12:23:40.425042+00:00
[2025-08-08T12:23:42.208+0000] {standard_task_runner.py:60} INFO - Started process 314 to run task
[2025-08-08T12:23:42.214+0000] {standard_task_runner.py:87} INFO - Running: ['***', 'tasks', 'run', 'stock_data_pipeline', 'fetch_and_store_stock_data', 'manual__2025-08-08T12:23:40.425042+00:00', '--job-id', '9', '--raw', '--subdir', 'DAGS_FOLDER/stock_data_dag.py', '--cfg-path', '/tmp/tmplfexd_6k']
[2025-08-08T12:23:42.217+0000] {standard_task_runner.py:88} INFO - Job 9: Subtask fetch_and_store_stock_data
[2025-08-08T12:23:42.242+0000] {logging_mixin.py:188} WARNING - /home/***/.local/lib/python3.8/site-packages/***/settings.py:194 DeprecationWarning: The sql_alchemy_conn option in [core] has been moved to the sql_alchemy_conn option in [database] - the old setting has been used, but please update your config.
[2025-08-08T12:23:42.311+0000] {task_command.py:423} INFO - Running <TaskInstance: stock_data_pipeline.fetch_and_store_stock_data manual__2025-08-08T12:23:40.425042+00:00 [running]> on host e0c05113885d
[2025-08-08T12:23:42.447+0000] {taskinstance.py:2480} INFO - Exporting env vars: AIRFLOW_CTX_DAG_OWNER='data_team' AIRFLOW_CTX_DAG_ID='stock_data_pipeline' AIRFLOW_CTX_TASK_ID='fetch_and_store_stock_data' AIRFLOW_CTX_EXECUTION_DATE='2025-08-08T12:23:40.425042+00:00' AIRFLOW_CTX_TRY_NUMBER='1' AIRFLOW_CTX_DAG_RUN_ID='manual__2025-08-08T12:23:40.425042+00:00'
[2025-08-08T12:23:42.449+0000] {stock_data_dag.py:45} INFO - Starting stock data fetch and store process
[2025-08-08T12:23:42.449+0000] {stock_data_dag.py:55} INFO - Fetching data for symbol: IBM
[2025-08-08T12:23:42.450+0000] {fetch_and_store.py:93} INFO - Fetching data for IBM (attempt 1/3)
[2025-08-08T12:23:43.271+0000] {fetch_and_store.py:76} INFO - Stock data validation successful
[2025-08-08T12:23:43.272+0000] {fetch_and_store.py:121} INFO - Successfully fetched and validated data for IBM
[2025-08-08T12:23:43.291+0000] {fetch_and_store.py:271} INFO - Successfully stored/updated data for IBM on 2025-08-07
[2025-08-08T12:23:43.293+0000] {stock_data_dag.py:61} INFO - Successfully processed data for IBM
[2025-08-08T12:23:43.298+0000] {stock_data_dag.py:55} INFO - Fetching data for symbol: AAPL
[2025-08-08T12:23:43.299+0000] {fetch_and_store.py:93} INFO - Fetching data for AAPL (attempt 1/3)
[2025-08-08T12:23:43.846+0000] {fetch_and_store.py:40} WARNING - Invalid data structure: missing 'Global Quote'
[2025-08-08T12:23:43.847+0000] {fetch_and_store.py:124} WARNING - Data validation failed for AAPL
[2025-08-08T12:23:43.850+0000] {stock_data_dag.py:63} WARNING - No data returned for symbol: AAPL
[2025-08-08T12:23:43.852+0000] {stock_data_dag.py:55} INFO - Fetching data for symbol: GOOGL
[2025-08-08T12:23:43.853+0000] {fetch_and_store.py:93} INFO - Fetching data for GOOGL (attempt 1/3)
[2025-08-08T12:23:44.671+0000] {fetch_and_store.py:40} WARNING - Invalid data structure: missing 'Global Quote'
[2025-08-08T12:23:44.672+0000] {fetch_and_store.py:124} WARNING - Data validation failed for GOOGL
[2025-08-08T12:23:44.674+0000] {stock_data_dag.py:63} WARNING - No data returned for symbol: GOOGL
[2025-08-08T12:23:44.675+0000] {stock_data_dag.py:55} INFO - Fetching data for symbol: MSFT
[2025-08-08T12:23:44.676+0000] {fetch_and_store.py:93} INFO - Fetching data for MSFT (attempt 1/3)
[2025-08-08T12:23:45.111+0000] {fetch_and_store.py:76} INFO - Stock data validation successful
[2025-08-08T12:23:45.111+0000] {fetch_and_store.py:121} INFO - Successfully fetched and validated data for MSFT
[2025-08-08T12:23:45.125+0000] {fetch_and_store.py:271} INFO - Successfully stored/updated data for MSFT on 2025-08-07
[2025-08-08T12:23:45.125+0000] {stock_data_dag.py:61} INFO - Successfully processed data for MSFT
[2025-08-08T12:23:45.126+0000] {stock_data_dag.py:75} INFO - Task completed successfully. Processed 2/4 symbols
[2025-08-08T12:23:45.127+0000] {python.py:201} INFO - Done. Returned value was: None
[2025-08-08T12:23:45.140+0000] {taskinstance.py:1138} INFO - Marking task as SUCCESS. dag_id=stock_data_pipeline, task_id=fetch_and_store_stock_data, execution_date=20250808T122340, start_date=20250808T122342, end_date=20250808T122345
[2025-08-08T12:23:45.200+0000] {local_task_job_runner.py:234} INFO - Task exited with return code 0
[2025-08-08T12:23:45.228+0000] {taskinstance.py:3280} INFO - 1 downstream tasks scheduled from follow-on schedule check
