[2025-08-08T12:19:30.746+0000] {manager.py:469} INFO - Processing files using up to 2 processes at a time 
[2025-08-08T12:19:30.749+0000] {manager.py:470} INFO - Process each file at most once every 30 seconds
[2025-08-08T12:19:30.749+0000] {manager.py:471} INFO - Checking for new files in /opt/airflow/dags every 300 seconds
[2025-08-08T12:19:30.750+0000] {manager.py:738} INFO - Searching for files in /opt/airflow/dags
[2025-08-08T12:19:30.764+0000] {manager.py:741} INFO - There are 1 files in /opt/airflow/dags
[2025-08-08T12:19:30.986+0000] {manager.py:879} INFO - 
================================================================================
DAG File Processing Stats

File Path                              PID  Runtime      # DAGs    # Errors  Last Runtime    Last Run
-----------------------------------  -----  ---------  --------  ----------  --------------  ----------
/opt/airflow/dags/stock_data_dag.py    220  0.10s             0           0
================================================================================
[2025-08-08T12:19:39.867+0000] {manager.py:451} INFO - Exiting gracefully upon receiving signal 15
[2025-08-08T12:20:12.513+0000] {manager.py:469} INFO - Processing files using up to 2 processes at a time 
[2025-08-08T12:20:12.514+0000] {manager.py:470} INFO - Process each file at most once every 30 seconds
[2025-08-08T12:20:12.515+0000] {manager.py:471} INFO - Checking for new files in /opt/airflow/dags every 300 seconds
[2025-08-08T12:20:12.516+0000] {manager.py:738} INFO - Searching for files in /opt/airflow/dags
[2025-08-08T12:20:12.538+0000] {manager.py:741} INFO - There are 1 files in /opt/airflow/dags
[2025-08-08T12:20:12.692+0000] {manager.py:879} INFO - 
================================================================================
DAG File Processing Stats

File Path                              PID  Runtime      # DAGs    # Errors  Last Runtime    Last Run
-----------------------------------  -----  ---------  --------  ----------  --------------  ----------
/opt/airflow/dags/stock_data_dag.py    216  0.08s             0           0
================================================================================
[2025-08-08T12:20:42.900+0000] {manager.py:879} INFO - 
================================================================================
DAG File Processing Stats

File Path                            PID    Runtime      # DAGs    # Errors  Last Runtime    Last Run
-----------------------------------  -----  ---------  --------  ----------  --------------  -------------------
/opt/airflow/dags/stock_data_dag.py                           1           0  0.62s           2025-08-08T12:20:13
================================================================================
[2025-08-08T12:21:13.666+0000] {manager.py:879} INFO - 
================================================================================
DAG File Processing Stats

File Path                              PID  Runtime      # DAGs    # Errors  Last Runtime    Last Run
-----------------------------------  -----  ---------  --------  ----------  --------------  -------------------
/opt/airflow/dags/stock_data_dag.py    238  0.01s             1           0  0.22s           2025-08-08T12:20:43
================================================================================
[2025-08-08T12:21:44.087+0000] {manager.py:879} INFO - 
================================================================================
DAG File Processing Stats

File Path                              PID  Runtime      # DAGs    # Errors  Last Runtime    Last Run
-----------------------------------  -----  ---------  --------  ----------  --------------  -------------------
/opt/airflow/dags/stock_data_dag.py    249  0.01s             1           0  0.31s           2025-08-08T12:21:13
================================================================================
[2025-08-08T12:22:14.319+0000] {manager.py:879} INFO - 
================================================================================
DAG File Processing Stats

File Path                            PID    Runtime      # DAGs    # Errors  Last Runtime    Last Run
-----------------------------------  -----  ---------  --------  ----------  --------------  -------------------
/opt/airflow/dags/stock_data_dag.py                           1           0  0.26s           2025-08-08T12:21:44
================================================================================
[2025-08-08T12:22:44.723+0000] {manager.py:879} INFO - 
================================================================================
DAG File Processing Stats

File Path                            PID    Runtime      # DAGs    # Errors  Last Runtime    Last Run
-----------------------------------  -----  ---------  --------  ----------  --------------  -------------------
/opt/airflow/dags/stock_data_dag.py                           1           0  0.23s           2025-08-08T12:22:14
================================================================================
[2025-08-08T12:23:15.107+0000] {manager.py:879} INFO - 
================================================================================
DAG File Processing Stats

File Path                            PID    Runtime      # DAGs    # Errors  Last Runtime    Last Run
-----------------------------------  -----  ---------  --------  ----------  --------------  -------------------
/opt/airflow/dags/stock_data_dag.py                           1           0  0.21s           2025-08-08T12:22:45
================================================================================
[2025-08-08T12:23:45.489+0000] {manager.py:879} INFO - 
================================================================================
DAG File Processing Stats

File Path                            PID    Runtime      # DAGs    # Errors  Last Runtime    Last Run
-----------------------------------  -----  ---------  --------  ----------  --------------  -------------------
/opt/airflow/dags/stock_data_dag.py                           1           0  0.23s           2025-08-08T12:23:15
================================================================================
[2025-08-08T12:24:15.937+0000] {manager.py:879} INFO - 
================================================================================
DAG File Processing Stats

File Path                              PID  Runtime      # DAGs    # Errors  Last Runtime    Last Run
-----------------------------------  -----  ---------  --------  ----------  --------------  -------------------
/opt/airflow/dags/stock_data_dag.py    334  0.01s             1           0  0.20s           2025-08-08T12:23:45
================================================================================
[2025-08-08T12:24:46.284+0000] {manager.py:879} INFO - 
================================================================================
DAG File Processing Stats

File Path                              PID  Runtime      # DAGs    # Errors  Last Runtime    Last Run
-----------------------------------  -----  ---------  --------  ----------  --------------  -------------------
/opt/airflow/dags/stock_data_dag.py    345  0.01s             1           0  0.21s           2025-08-08T12:24:16
================================================================================
[2025-08-08T12:25:12.655+0000] {manager.py:738} INFO - Searching for files in /opt/airflow/dags
[2025-08-08T12:25:12.691+0000] {manager.py:741} INFO - There are 1 files in /opt/airflow/dags
[2025-08-08T12:25:16.525+0000] {manager.py:879} INFO - 
================================================================================
DAG File Processing Stats

File Path                              PID  Runtime      # DAGs    # Errors  Last Runtime    Last Run
-----------------------------------  -----  ---------  --------  ----------  --------------  -------------------
/opt/airflow/dags/stock_data_dag.py    356  0.01s             1           0  0.23s           2025-08-08T12:24:46
================================================================================
[2025-08-08T12:25:46.968+0000] {manager.py:879} INFO - 
================================================================================
DAG File Processing Stats

File Path                              PID  Runtime      # DAGs    # Errors  Last Runtime    Last Run
-----------------------------------  -----  ---------  --------  ----------  --------------  -------------------
/opt/airflow/dags/stock_data_dag.py    367  0.01s             1           0  0.37s           2025-08-08T12:25:16
================================================================================
[2025-08-08T12:26:17.334+0000] {manager.py:879} INFO - 
================================================================================
DAG File Processing Stats

File Path                              PID  Runtime      # DAGs    # Errors  Last Runtime    Last Run
-----------------------------------  -----  ---------  --------  ----------  --------------  -------------------
/opt/airflow/dags/stock_data_dag.py    379  0.01s             1           0  0.19s           2025-08-08T12:25:47
================================================================================
[2025-08-08T12:26:47.523+0000] {manager.py:879} INFO - 
================================================================================
DAG File Processing Stats

File Path                            PID    Runtime      # DAGs    # Errors  Last Runtime    Last Run
-----------------------------------  -----  ---------  --------  ----------  --------------  -------------------
/opt/airflow/dags/stock_data_dag.py                           1           0  0.23s           2025-08-08T12:26:17
================================================================================
[2025-08-08T12:27:17.927+0000] {manager.py:879} INFO - 
================================================================================
DAG File Processing Stats

File Path                            PID    Runtime      # DAGs    # Errors  Last Runtime    Last Run
-----------------------------------  -----  ---------  --------  ----------  --------------  -------------------
/opt/airflow/dags/stock_data_dag.py                           1           0  0.23s           2025-08-08T12:26:47
================================================================================
[2025-08-08T12:27:48.402+0000] {manager.py:879} INFO - 
================================================================================
DAG File Processing Stats

File Path                              PID  Runtime      # DAGs    # Errors  Last Runtime    Last Run
-----------------------------------  -----  ---------  --------  ----------  --------------  -------------------
/opt/airflow/dags/stock_data_dag.py    412  0.01s             1           0  0.20s           2025-08-08T12:27:18
================================================================================
[2025-08-08T12:28:18.773+0000] {manager.py:879} INFO - 
================================================================================
DAG File Processing Stats

File Path                              PID  Runtime      # DAGs    # Errors  Last Runtime    Last Run
-----------------------------------  -----  ---------  --------  ----------  --------------  -------------------
/opt/airflow/dags/stock_data_dag.py    423  0.01s             1           0  0.20s           2025-08-08T12:27:48
================================================================================
[2025-08-08T12:28:48.984+0000] {manager.py:879} INFO - 
================================================================================
DAG File Processing Stats

File Path                              PID  Runtime      # DAGs    # Errors  Last Runtime    Last Run
-----------------------------------  -----  ---------  --------  ----------  --------------  -------------------
/opt/airflow/dags/stock_data_dag.py    434  0.01s             1           0  0.18s           2025-08-08T12:28:18
================================================================================
[2025-08-08T12:29:19.327+0000] {manager.py:879} INFO - 
================================================================================
DAG File Processing Stats

File Path                              PID  Runtime      # DAGs    # Errors  Last Runtime    Last Run
-----------------------------------  -----  ---------  --------  ----------  --------------  -------------------
/opt/airflow/dags/stock_data_dag.py    445  0.01s             1           0  0.20s           2025-08-08T12:28:49
================================================================================
[2025-08-08T12:29:49.539+0000] {manager.py:879} INFO - 
================================================================================
DAG File Processing Stats

File Path                              PID  Runtime      # DAGs    # Errors  Last Runtime    Last Run
-----------------------------------  -----  ---------  --------  ----------  --------------  -------------------
/opt/airflow/dags/stock_data_dag.py    457  0.01s             1           0  0.19s           2025-08-08T12:29:19
================================================================================
[2025-08-08T12:30:12.810+0000] {manager.py:738} INFO - Searching for files in /opt/airflow/dags
[2025-08-08T12:30:12.830+0000] {manager.py:741} INFO - There are 1 files in /opt/airflow/dags
[2025-08-08T12:30:19.938+0000] {manager.py:879} INFO - 
================================================================================
DAG File Processing Stats

File Path                              PID  Runtime      # DAGs    # Errors  Last Runtime    Last Run
-----------------------------------  -----  ---------  --------  ----------  --------------  -------------------
/opt/airflow/dags/stock_data_dag.py    468  0.02s             1           0  0.21s           2025-08-08T12:29:49
================================================================================
[2025-08-08T12:30:50.173+0000] {manager.py:879} INFO - 
================================================================================
DAG File Processing Stats

File Path                            PID    Runtime      # DAGs    # Errors  Last Runtime    Last Run
-----------------------------------  -----  ---------  --------  ----------  --------------  -------------------
/opt/airflow/dags/stock_data_dag.py                           1           0  0.40s           2025-08-08T12:30:20
================================================================================
[2025-08-08T12:31:20.259+0000] {manager.py:879} INFO - 
================================================================================
DAG File Processing Stats

File Path                            PID    Runtime      # DAGs    # Errors  Last Runtime    Last Run
-----------------------------------  -----  ---------  --------  ----------  --------------  -------------------
/opt/airflow/dags/stock_data_dag.py                           1           0  0.54s           2025-08-08T12:30:51
================================================================================
[2025-08-08T12:31:48.280+0000] {manager.py:451} INFO - Exiting gracefully upon receiving signal 15
[2025-08-10T06:06:20.110+0000] {manager.py:469} INFO - Processing files using up to 2 processes at a time 
[2025-08-10T06:06:20.111+0000] {manager.py:470} INFO - Process each file at most once every 30 seconds
[2025-08-10T06:06:20.112+0000] {manager.py:471} INFO - Checking for new files in /opt/airflow/dags every 300 seconds
[2025-08-10T06:06:20.112+0000] {manager.py:738} INFO - Searching for files in /opt/airflow/dags
[2025-08-10T06:06:20.147+0000] {manager.py:741} INFO - There are 1 files in /opt/airflow/dags
[2025-08-10T06:06:20.305+0000] {manager.py:879} INFO - 
================================================================================
DAG File Processing Stats

File Path                              PID  Runtime      # DAGs    # Errors  Last Runtime    Last Run
-----------------------------------  -----  ---------  --------  ----------  --------------  ----------
/opt/airflow/dags/stock_data_dag.py    223  0.07s             0           0
================================================================================
[2025-08-10T06:06:50.505+0000] {manager.py:879} INFO - 
================================================================================
DAG File Processing Stats

File Path                            PID    Runtime      # DAGs    # Errors  Last Runtime    Last Run
-----------------------------------  -----  ---------  --------  ----------  --------------  -------------------
/opt/airflow/dags/stock_data_dag.py                           1           0  0.56s           2025-08-10T06:06:20
================================================================================
[2025-08-10T06:07:21.101+0000] {manager.py:879} INFO - 
================================================================================
DAG File Processing Stats

File Path                            PID    Runtime      # DAGs    # Errors  Last Runtime    Last Run
-----------------------------------  -----  ---------  --------  ----------  --------------  -------------------
/opt/airflow/dags/stock_data_dag.py                           1           0  0.24s           2025-08-10T06:06:51
================================================================================
[2025-08-10T06:07:51.517+0000] {manager.py:879} INFO - 
================================================================================
DAG File Processing Stats

File Path                            PID    Runtime      # DAGs    # Errors  Last Runtime    Last Run
-----------------------------------  -----  ---------  --------  ----------  --------------  -------------------
/opt/airflow/dags/stock_data_dag.py                           1           0  0.37s           2025-08-10T06:07:21
================================================================================
[2025-08-10T06:08:22.075+0000] {manager.py:879} INFO - 
================================================================================
DAG File Processing Stats

File Path                            PID    Runtime      # DAGs    # Errors  Last Runtime    Last Run
-----------------------------------  -----  ---------  --------  ----------  --------------  -------------------
/opt/airflow/dags/stock_data_dag.py                           1           0  0.32s           2025-08-10T06:07:52
================================================================================
[2025-08-10T06:08:52.573+0000] {manager.py:879} INFO - 
================================================================================
DAG File Processing Stats

File Path                            PID    Runtime      # DAGs    # Errors  Last Runtime    Last Run
-----------------------------------  -----  ---------  --------  ----------  --------------  -------------------
/opt/airflow/dags/stock_data_dag.py                           1           0  0.23s           2025-08-10T06:08:22
================================================================================
[2025-08-10T06:09:23.001+0000] {manager.py:879} INFO - 
================================================================================
DAG File Processing Stats

File Path                            PID    Runtime      # DAGs    # Errors  Last Runtime    Last Run
-----------------------------------  -----  ---------  --------  ----------  --------------  -------------------
/opt/airflow/dags/stock_data_dag.py                           1           0  0.27s           2025-08-10T06:08:53
================================================================================
[2025-08-10T06:09:53.484+0000] {manager.py:879} INFO - 
================================================================================
DAG File Processing Stats

File Path                              PID  Runtime      # DAGs    # Errors  Last Runtime    Last Run
-----------------------------------  -----  ---------  --------  ----------  --------------  -------------------
/opt/airflow/dags/stock_data_dag.py    306  0.01s             1           0  0.19s           2025-08-10T06:09:23
================================================================================
[2025-08-10T06:10:23.824+0000] {manager.py:879} INFO - 
================================================================================
DAG File Processing Stats

File Path                              PID  Runtime      # DAGs    # Errors  Last Runtime    Last Run
-----------------------------------  -----  ---------  --------  ----------  --------------  -------------------
/opt/airflow/dags/stock_data_dag.py    317  0.01s             1           0  0.17s           2025-08-10T06:09:53
================================================================================
[2025-08-10T06:10:54.028+0000] {manager.py:879} INFO - 
================================================================================
DAG File Processing Stats

File Path                              PID  Runtime      # DAGs    # Errors  Last Runtime    Last Run
-----------------------------------  -----  ---------  --------  ----------  --------------  -------------------
/opt/airflow/dags/stock_data_dag.py    328  0.01s             1           0  0.17s           2025-08-10T06:10:23
================================================================================
[2025-08-10T06:11:20.313+0000] {manager.py:738} INFO - Searching for files in /opt/airflow/dags
[2025-08-10T06:11:20.331+0000] {manager.py:741} INFO - There are 1 files in /opt/airflow/dags
[2025-08-10T06:11:24.392+0000] {manager.py:879} INFO - 
================================================================================
DAG File Processing Stats

File Path                              PID  Runtime      # DAGs    # Errors  Last Runtime    Last Run
-----------------------------------  -----  ---------  --------  ----------  --------------  -------------------
/opt/airflow/dags/stock_data_dag.py    339  0.01s             1           0  0.18s           2025-08-10T06:10:54
================================================================================
[2025-08-10T06:11:54.626+0000] {manager.py:879} INFO - 
================================================================================
DAG File Processing Stats

File Path                              PID  Runtime      # DAGs    # Errors  Last Runtime    Last Run
-----------------------------------  -----  ---------  --------  ----------  --------------  -------------------
/opt/airflow/dags/stock_data_dag.py    350  0.01s             1           0  0.17s           2025-08-10T06:11:24
================================================================================
[2025-08-10T06:12:24.688+0000] {manager.py:879} INFO - 
================================================================================
DAG File Processing Stats

File Path                            PID    Runtime      # DAGs    # Errors  Last Runtime    Last Run
-----------------------------------  -----  ---------  --------  ----------  --------------  -------------------
/opt/airflow/dags/stock_data_dag.py                           1           0  0.66s           2025-08-10T06:12:19
================================================================================
[2025-08-10T06:12:54.942+0000] {manager.py:879} INFO - 
================================================================================
DAG File Processing Stats

File Path                            PID    Runtime      # DAGs    # Errors  Last Runtime    Last Run
-----------------------------------  -----  ---------  --------  ----------  --------------  -------------------
/opt/airflow/dags/stock_data_dag.py                           1           0  0.17s           2025-08-10T06:12:50
================================================================================
[2025-08-10T06:13:25.263+0000] {manager.py:879} INFO - 
================================================================================
DAG File Processing Stats

File Path                            PID    Runtime      # DAGs    # Errors  Last Runtime    Last Run
-----------------------------------  -----  ---------  --------  ----------  --------------  -------------------
/opt/airflow/dags/stock_data_dag.py                           1           0  0.15s           2025-08-10T06:13:20
================================================================================
[2025-08-10T06:13:55.576+0000] {manager.py:879} INFO - 
================================================================================
DAG File Processing Stats

File Path                              PID  Runtime      # DAGs    # Errors  Last Runtime    Last Run
-----------------------------------  -----  ---------  --------  ----------  --------------  -------------------
/opt/airflow/dags/stock_data_dag.py    399  0.01s             1           0  0.16s           2025-08-10T06:13:50
================================================================================
[2025-08-10T06:14:25.822+0000] {manager.py:879} INFO - 
================================================================================
DAG File Processing Stats

File Path                            PID    Runtime      # DAGs    # Errors  Last Runtime    Last Run
-----------------------------------  -----  ---------  --------  ----------  --------------  -------------------
/opt/airflow/dags/stock_data_dag.py                           1           0  0.19s           2025-08-10T06:14:10
================================================================================
[2025-08-10T06:14:56.168+0000] {manager.py:879} INFO - 
================================================================================
DAG File Processing Stats

File Path                            PID    Runtime      # DAGs    # Errors  Last Runtime    Last Run
-----------------------------------  -----  ---------  --------  ----------  --------------  -------------------
/opt/airflow/dags/stock_data_dag.py                           1           0  0.21s           2025-08-10T06:14:41
================================================================================
[2025-08-10T06:15:26.387+0000] {manager.py:879} INFO - 
================================================================================
DAG File Processing Stats

File Path                            PID    Runtime      # DAGs    # Errors  Last Runtime    Last Run
-----------------------------------  -----  ---------  --------  ----------  --------------  -------------------
/opt/airflow/dags/stock_data_dag.py                           1           0  0.16s           2025-08-10T06:15:11
================================================================================
[2025-08-10T06:15:56.679+0000] {manager.py:879} INFO - 
================================================================================
DAG File Processing Stats

File Path                            PID    Runtime      # DAGs    # Errors  Last Runtime    Last Run
-----------------------------------  -----  ---------  --------  ----------  --------------  -------------------
/opt/airflow/dags/stock_data_dag.py                           1           0  0.19s           2025-08-10T06:15:41
================================================================================
[2025-08-10T06:16:20.926+0000] {manager.py:738} INFO - Searching for files in /opt/airflow/dags
[2025-08-10T06:16:20.947+0000] {manager.py:741} INFO - There are 1 files in /opt/airflow/dags
[2025-08-10T06:16:26.993+0000] {manager.py:879} INFO - 
================================================================================
DAG File Processing Stats

File Path                            PID    Runtime      # DAGs    # Errors  Last Runtime    Last Run
-----------------------------------  -----  ---------  --------  ----------  --------------  -------------------
/opt/airflow/dags/stock_data_dag.py                           1           0  0.30s           2025-08-10T06:16:12
================================================================================
[2025-08-10T06:16:57.344+0000] {manager.py:879} INFO - 
================================================================================
DAG File Processing Stats

File Path                            PID    Runtime      # DAGs    # Errors  Last Runtime    Last Run
-----------------------------------  -----  ---------  --------  ----------  --------------  -------------------
/opt/airflow/dags/stock_data_dag.py                           1           0  0.18s           2025-08-10T06:16:42
================================================================================
[2025-08-10T06:17:27.554+0000] {manager.py:879} INFO - 
================================================================================
DAG File Processing Stats

File Path                            PID    Runtime      # DAGs    # Errors  Last Runtime    Last Run
-----------------------------------  -----  ---------  --------  ----------  --------------  -------------------
/opt/airflow/dags/stock_data_dag.py                           1           0  0.17s           2025-08-10T06:17:12
================================================================================
[2025-08-10T06:17:57.855+0000] {manager.py:879} INFO - 
================================================================================
DAG File Processing Stats

File Path                            PID    Runtime      # DAGs    # Errors  Last Runtime    Last Run
-----------------------------------  -----  ---------  --------  ----------  --------------  -------------------
/opt/airflow/dags/stock_data_dag.py                           1           0  0.17s           2025-08-10T06:17:42
================================================================================
[2025-08-10T06:18:28.081+0000] {manager.py:879} INFO - 
================================================================================
DAG File Processing Stats

File Path                            PID    Runtime      # DAGs    # Errors  Last Runtime    Last Run
-----------------------------------  -----  ---------  --------  ----------  --------------  -------------------
/opt/airflow/dags/stock_data_dag.py                           1           0  0.16s           2025-08-10T06:18:13
================================================================================
[2025-08-10T06:18:58.396+0000] {manager.py:879} INFO - 
================================================================================
DAG File Processing Stats

File Path                            PID    Runtime      # DAGs    # Errors  Last Runtime    Last Run
-----------------------------------  -----  ---------  --------  ----------  --------------  -------------------
/opt/airflow/dags/stock_data_dag.py                           1           0  0.16s           2025-08-10T06:18:43
================================================================================
[2025-08-10T06:19:28.602+0000] {manager.py:879} INFO - 
================================================================================
DAG File Processing Stats

File Path                            PID    Runtime      # DAGs    # Errors  Last Runtime    Last Run
-----------------------------------  -----  ---------  --------  ----------  --------------  -------------------
/opt/airflow/dags/stock_data_dag.py                           1           0  0.17s           2025-08-10T06:19:13
================================================================================
[2025-08-10T06:19:58.924+0000] {manager.py:879} INFO - 
================================================================================
DAG File Processing Stats

File Path                            PID    Runtime      # DAGs    # Errors  Last Runtime    Last Run
-----------------------------------  -----  ---------  --------  ----------  --------------  -------------------
/opt/airflow/dags/stock_data_dag.py                           1           0  0.16s           2025-08-10T06:19:43
================================================================================
[2025-08-10T06:20:29.179+0000] {manager.py:879} INFO - 
================================================================================
DAG File Processing Stats

File Path                            PID    Runtime      # DAGs    # Errors  Last Runtime    Last Run
-----------------------------------  -----  ---------  --------  ----------  --------------  -------------------
/opt/airflow/dags/stock_data_dag.py                           1           0  0.22s           2025-08-10T06:20:14
================================================================================
[2025-08-10T06:20:59.572+0000] {manager.py:879} INFO - 
================================================================================
DAG File Processing Stats

File Path                            PID    Runtime      # DAGs    # Errors  Last Runtime    Last Run
-----------------------------------  -----  ---------  --------  ----------  --------------  -------------------
/opt/airflow/dags/stock_data_dag.py                           1           0  0.28s           2025-08-10T06:20:44
================================================================================
[2025-08-10T06:21:20.962+0000] {manager.py:738} INFO - Searching for files in /opt/airflow/dags
[2025-08-10T06:21:20.979+0000] {manager.py:741} INFO - There are 1 files in /opt/airflow/dags
[2025-08-10T06:21:30.047+0000] {manager.py:879} INFO - 
================================================================================
DAG File Processing Stats

File Path                            PID    Runtime      # DAGs    # Errors  Last Runtime    Last Run
-----------------------------------  -----  ---------  --------  ----------  --------------  -------------------
/opt/airflow/dags/stock_data_dag.py                           1           0  0.17s           2025-08-10T06:21:15
================================================================================
[2025-08-10T06:22:00.370+0000] {manager.py:879} INFO - 
================================================================================
DAG File Processing Stats

File Path                            PID    Runtime      # DAGs    # Errors  Last Runtime    Last Run
-----------------------------------  -----  ---------  --------  ----------  --------------  -------------------
/opt/airflow/dags/stock_data_dag.py                           1           0  0.16s           2025-08-10T06:21:45
================================================================================
[2025-08-10T06:22:30.597+0000] {manager.py:879} INFO - 
================================================================================
DAG File Processing Stats

File Path                            PID    Runtime      # DAGs    # Errors  Last Runtime    Last Run
-----------------------------------  -----  ---------  --------  ----------  --------------  -------------------
/opt/airflow/dags/stock_data_dag.py                           1           0  0.31s           2025-08-10T06:22:15
================================================================================
[2025-08-10T06:23:01.065+0000] {manager.py:879} INFO - 
================================================================================
DAG File Processing Stats

File Path                            PID    Runtime      # DAGs    # Errors  Last Runtime    Last Run
-----------------------------------  -----  ---------  --------  ----------  --------------  -------------------
/opt/airflow/dags/stock_data_dag.py                           1           0  0.17s           2025-08-10T06:22:46
================================================================================
[2025-08-10T06:23:31.409+0000] {manager.py:879} INFO - 
================================================================================
DAG File Processing Stats

File Path                            PID    Runtime      # DAGs    # Errors  Last Runtime    Last Run
-----------------------------------  -----  ---------  --------  ----------  --------------  -------------------
/opt/airflow/dags/stock_data_dag.py                           1           0  0.17s           2025-08-10T06:23:16
================================================================================
[2025-08-10T06:24:01.619+0000] {manager.py:879} INFO - 
================================================================================
DAG File Processing Stats

File Path                            PID    Runtime      # DAGs    # Errors  Last Runtime    Last Run
-----------------------------------  -----  ---------  --------  ----------  --------------  -------------------
/opt/airflow/dags/stock_data_dag.py                           1           0  0.16s           2025-08-10T06:23:46
================================================================================
[2025-08-10T06:24:31.959+0000] {manager.py:879} INFO - 
================================================================================
DAG File Processing Stats

File Path                            PID    Runtime      # DAGs    # Errors  Last Runtime    Last Run
-----------------------------------  -----  ---------  --------  ----------  --------------  -------------------
/opt/airflow/dags/stock_data_dag.py                           1           0  0.17s           2025-08-10T06:24:16
================================================================================
[2025-08-10T06:25:02.196+0000] {manager.py:879} INFO - 
================================================================================
DAG File Processing Stats

File Path                            PID    Runtime      # DAGs    # Errors  Last Runtime    Last Run
-----------------------------------  -----  ---------  --------  ----------  --------------  -------------------
/opt/airflow/dags/stock_data_dag.py                           1           0  0.15s           2025-08-10T06:24:47
================================================================================
[2025-08-10T06:25:32.489+0000] {manager.py:879} INFO - 
================================================================================
DAG File Processing Stats

File Path                            PID    Runtime      # DAGs    # Errors  Last Runtime    Last Run
-----------------------------------  -----  ---------  --------  ----------  --------------  -------------------
/opt/airflow/dags/stock_data_dag.py                           1           0  0.16s           2025-08-10T06:25:17
================================================================================
[2025-08-10T06:26:02.700+0000] {manager.py:879} INFO - 
================================================================================
DAG File Processing Stats

File Path                            PID    Runtime      # DAGs    # Errors  Last Runtime    Last Run
-----------------------------------  -----  ---------  --------  ----------  --------------  -------------------
/opt/airflow/dags/stock_data_dag.py                           1           0  0.16s           2025-08-10T06:25:47
================================================================================
[2025-08-10T06:26:21.036+0000] {manager.py:738} INFO - Searching for files in /opt/airflow/dags
[2025-08-10T06:26:21.058+0000] {manager.py:741} INFO - There are 1 files in /opt/airflow/dags
[2025-08-10T06:26:33.098+0000] {manager.py:879} INFO - 
================================================================================
DAG File Processing Stats

File Path                            PID    Runtime      # DAGs    # Errors  Last Runtime    Last Run
-----------------------------------  -----  ---------  --------  ----------  --------------  -------------------
/opt/airflow/dags/stock_data_dag.py                           1           0  0.20s           2025-08-10T06:26:18
================================================================================
[2025-08-10T06:27:03.310+0000] {manager.py:879} INFO - 
================================================================================
DAG File Processing Stats

File Path                            PID    Runtime      # DAGs    # Errors  Last Runtime    Last Run
-----------------------------------  -----  ---------  --------  ----------  --------------  -------------------
/opt/airflow/dags/stock_data_dag.py                           1           0  0.17s           2025-08-10T06:26:48
================================================================================
[2025-08-10T06:27:33.621+0000] {manager.py:879} INFO - 
================================================================================
DAG File Processing Stats

File Path                            PID    Runtime      # DAGs    # Errors  Last Runtime    Last Run
-----------------------------------  -----  ---------  --------  ----------  --------------  -------------------
/opt/airflow/dags/stock_data_dag.py                           1           0  0.16s           2025-08-10T06:27:18
================================================================================
[2025-08-10T06:28:03.829+0000] {manager.py:879} INFO - 
================================================================================
DAG File Processing Stats

File Path                            PID    Runtime      # DAGs    # Errors  Last Runtime    Last Run
-----------------------------------  -----  ---------  --------  ----------  --------------  -------------------
/opt/airflow/dags/stock_data_dag.py                           1           0  0.26s           2025-08-10T06:27:48
================================================================================
[2025-08-10T06:28:34.238+0000] {manager.py:879} INFO - 
================================================================================
DAG File Processing Stats

File Path                            PID    Runtime      # DAGs    # Errors  Last Runtime    Last Run
-----------------------------------  -----  ---------  --------  ----------  --------------  -------------------
/opt/airflow/dags/stock_data_dag.py                           1           0  0.16s           2025-08-10T06:28:19
================================================================================
[2025-08-10T06:29:04.554+0000] {manager.py:879} INFO - 
================================================================================
DAG File Processing Stats

File Path                            PID    Runtime      # DAGs    # Errors  Last Runtime    Last Run
-----------------------------------  -----  ---------  --------  ----------  --------------  -------------------
/opt/airflow/dags/stock_data_dag.py                           1           0  0.18s           2025-08-10T06:28:49
================================================================================
[2025-08-10T06:29:34.768+0000] {manager.py:879} INFO - 
================================================================================
DAG File Processing Stats

File Path                            PID    Runtime      # DAGs    # Errors  Last Runtime    Last Run
-----------------------------------  -----  ---------  --------  ----------  --------------  -------------------
/opt/airflow/dags/stock_data_dag.py                           1           0  0.16s           2025-08-10T06:29:19
================================================================================
[2025-08-10T06:30:05.068+0000] {manager.py:879} INFO - 
================================================================================
DAG File Processing Stats

File Path                            PID    Runtime      # DAGs    # Errors  Last Runtime    Last Run
-----------------------------------  -----  ---------  --------  ----------  --------------  -------------------
/opt/airflow/dags/stock_data_dag.py                           1           0  0.19s           2025-08-10T06:29:50
================================================================================
[2025-08-10T06:30:35.312+0000] {manager.py:879} INFO - 
================================================================================
DAG File Processing Stats

File Path                            PID    Runtime      # DAGs    # Errors  Last Runtime    Last Run
-----------------------------------  -----  ---------  --------  ----------  --------------  -------------------
/opt/airflow/dags/stock_data_dag.py                           1           0  0.17s           2025-08-10T06:30:20
================================================================================
[2025-08-10T06:31:05.612+0000] {manager.py:879} INFO - 
================================================================================
DAG File Processing Stats

File Path                            PID    Runtime      # DAGs    # Errors  Last Runtime    Last Run
-----------------------------------  -----  ---------  --------  ----------  --------------  -------------------
/opt/airflow/dags/stock_data_dag.py                           1           0  0.21s           2025-08-10T06:30:50
================================================================================
[2025-08-10T06:31:17.253+0000] {manager.py:451} INFO - Exiting gracefully upon receiving signal 15
[2025-08-10T06:32:39.137+0000] {manager.py:469} INFO - Processing files using up to 2 processes at a time 
[2025-08-10T06:32:39.148+0000] {manager.py:470} INFO - Process each file at most once every 30 seconds
[2025-08-10T06:32:39.149+0000] {manager.py:471} INFO - Checking for new files in /opt/airflow/dags every 300 seconds
[2025-08-10T06:32:39.150+0000] {manager.py:738} INFO - Searching for files in /opt/airflow/dags
[2025-08-10T06:32:39.186+0000] {manager.py:741} INFO - There are 1 files in /opt/airflow/dags
[2025-08-10T06:32:39.343+0000] {manager.py:879} INFO - 
================================================================================
DAG File Processing Stats

File Path                              PID  Runtime      # DAGs    # Errors  Last Runtime    Last Run
-----------------------------------  -----  ---------  --------  ----------  --------------  ----------
/opt/airflow/dags/stock_data_dag.py    214  0.07s             0           0
================================================================================
[2025-08-10T06:33:09.529+0000] {manager.py:879} INFO - 
================================================================================
DAG File Processing Stats

File Path                            PID    Runtime      # DAGs    # Errors  Last Runtime    Last Run
-----------------------------------  -----  ---------  --------  ----------  --------------  -------------------
/opt/airflow/dags/stock_data_dag.py                           1           0  0.51s           2025-08-10T06:32:39
================================================================================
[2025-08-10T06:33:40.282+0000] {manager.py:879} INFO - 
================================================================================
DAG File Processing Stats

File Path                            PID    Runtime      # DAGs    # Errors  Last Runtime    Last Run
-----------------------------------  -----  ---------  --------  ----------  --------------  -------------------
/opt/airflow/dags/stock_data_dag.py                           1           0  0.27s           2025-08-10T06:33:10
================================================================================
[2025-08-10T06:34:10.721+0000] {manager.py:879} INFO - 
================================================================================
DAG File Processing Stats

File Path                            PID    Runtime      # DAGs    # Errors  Last Runtime    Last Run
-----------------------------------  -----  ---------  --------  ----------  --------------  -------------------
/opt/airflow/dags/stock_data_dag.py                           1           0  0.35s           2025-08-10T06:33:40
================================================================================
[2025-08-10T06:34:41.263+0000] {manager.py:879} INFO - 
================================================================================
DAG File Processing Stats

File Path                            PID    Runtime      # DAGs    # Errors  Last Runtime    Last Run
-----------------------------------  -----  ---------  --------  ----------  --------------  -------------------
/opt/airflow/dags/stock_data_dag.py                           1           0  0.21s           2025-08-10T06:34:11
================================================================================
[2025-08-10T06:35:11.677+0000] {manager.py:879} INFO - 
================================================================================
DAG File Processing Stats

File Path                              PID  Runtime      # DAGs    # Errors  Last Runtime    Last Run
-----------------------------------  -----  ---------  --------  ----------  --------------  -------------------
/opt/airflow/dags/stock_data_dag.py    268  0.01s             1           0  0.18s           2025-08-10T06:34:41
================================================================================
[2025-08-10T06:35:41.996+0000] {manager.py:879} INFO - 
================================================================================
DAG File Processing Stats

File Path                              PID  Runtime      # DAGs    # Errors  Last Runtime    Last Run
-----------------------------------  -----  ---------  --------  ----------  --------------  -------------------
/opt/airflow/dags/stock_data_dag.py    279  0.00s             1           0  0.23s           2025-08-10T06:35:11
================================================================================
[2025-08-10T06:36:12.287+0000] {manager.py:879} INFO - 
================================================================================
DAG File Processing Stats

File Path                              PID  Runtime      # DAGs    # Errors  Last Runtime    Last Run
-----------------------------------  -----  ---------  --------  ----------  --------------  -------------------
/opt/airflow/dags/stock_data_dag.py    290  0.01s             1           0  0.18s           2025-08-10T06:35:42
================================================================================
[2025-08-10T06:36:42.572+0000] {manager.py:879} INFO - 
================================================================================
DAG File Processing Stats

File Path                              PID  Runtime      # DAGs    # Errors  Last Runtime    Last Run
-----------------------------------  -----  ---------  --------  ----------  --------------  -------------------
/opt/airflow/dags/stock_data_dag.py    308  0.01s             1           0  0.22s           2025-08-10T06:36:12
================================================================================
[2025-08-10T06:37:12.878+0000] {manager.py:879} INFO - 
================================================================================
DAG File Processing Stats

File Path                              PID  Runtime      # DAGs    # Errors  Last Runtime    Last Run
-----------------------------------  -----  ---------  --------  ----------  --------------  -------------------
/opt/airflow/dags/stock_data_dag.py    319  0.01s             1           0  0.23s           2025-08-10T06:36:42
================================================================================
[2025-08-10T06:37:15.093+0000] {manager.py:451} INFO - Exiting gracefully upon receiving signal 15
