[2025-08-08T12:23:20.795+0000] {taskinstance.py:1956} INFO - Dependencies all met for dep_context=non-requeueable deps ti=<TaskInstance: stock_data_pipeline.fetch_and_store_stock_data scheduled__2025-08-07T00:00:00+00:00 [queued]>
[2025-08-08T12:23:20.810+0000] {taskinstance.py:1956} INFO - Dependencies all met for dep_context=requeueable deps ti=<TaskInstance: stock_data_pipeline.fetch_and_store_stock_data scheduled__2025-08-07T00:00:00+00:00 [queued]>
[2025-08-08T12:23:20.811+0000] {taskinstance.py:2170} INFO - Starting attempt 1 of 4
[2025-08-08T12:23:20.830+0000] {taskinstance.py:2191} INFO - Executing <Task(PythonOperator): fetch_and_store_stock_data> on 2025-08-07 00:00:00+00:00
[2025-08-08T12:23:20.836+0000] {standard_task_runner.py:60} INFO - Started process 308 to run task
[2025-08-08T12:23:20.840+0000] {standard_task_runner.py:87} INFO - Running: ['***', 'tasks', 'run', 'stock_data_pipeline', 'fetch_and_store_stock_data', 'scheduled__2025-08-07T00:00:00+00:00', '--job-id', '6', '--raw', '--subdir', 'DAGS_FOLDER/stock_data_dag.py', '--cfg-path', '/tmp/tmp_3062w_j']
[2025-08-08T12:23:20.844+0000] {standard_task_runner.py:88} INFO - Job 6: Subtask fetch_and_store_stock_data
[2025-08-08T12:23:20.867+0000] {logging_mixin.py:188} WARNING - /home/***/.local/lib/python3.8/site-packages/***/settings.py:194 DeprecationWarning: The sql_alchemy_conn option in [core] has been moved to the sql_alchemy_conn option in [database] - the old setting has been used, but please update your config.
[2025-08-08T12:23:20.933+0000] {task_command.py:423} INFO - Running <TaskInstance: stock_data_pipeline.fetch_and_store_stock_data scheduled__2025-08-07T00:00:00+00:00 [running]> on host e0c05113885d
[2025-08-08T12:23:21.027+0000] {taskinstance.py:2480} INFO - Exporting env vars: AIRFLOW_CTX_DAG_OWNER='data_team' AIRFLOW_CTX_DAG_ID='stock_data_pipeline' AIRFLOW_CTX_TASK_ID='fetch_and_store_stock_data' AIRFLOW_CTX_EXECUTION_DATE='2025-08-07T00:00:00+00:00' AIRFLOW_CTX_TRY_NUMBER='1' AIRFLOW_CTX_DAG_RUN_ID='scheduled__2025-08-07T00:00:00+00:00'
[2025-08-08T12:23:21.028+0000] {stock_data_dag.py:45} INFO - Starting stock data fetch and store process
[2025-08-08T12:23:21.029+0000] {stock_data_dag.py:55} INFO - Fetching data for symbol: IBM
[2025-08-08T12:23:21.029+0000] {fetch_and_store.py:93} INFO - Fetching data for IBM (attempt 1/3)
[2025-08-08T12:23:22.862+0000] {fetch_and_store.py:76} INFO - Stock data validation successful
[2025-08-08T12:23:22.863+0000] {fetch_and_store.py:121} INFO - Successfully fetched and validated data for IBM
[2025-08-08T12:23:22.876+0000] {fetch_and_store.py:271} INFO - Successfully stored/updated data for IBM on 2025-08-07
[2025-08-08T12:23:22.877+0000] {stock_data_dag.py:61} INFO - Successfully processed data for IBM
[2025-08-08T12:23:22.878+0000] {stock_data_dag.py:55} INFO - Fetching data for symbol: AAPL
[2025-08-08T12:23:22.878+0000] {fetch_and_store.py:93} INFO - Fetching data for AAPL (attempt 1/3)
[2025-08-08T12:23:23.864+0000] {fetch_and_store.py:40} WARNING - Invalid data structure: missing 'Global Quote'
[2025-08-08T12:23:23.865+0000] {fetch_and_store.py:124} WARNING - Data validation failed for AAPL
[2025-08-08T12:23:23.867+0000] {stock_data_dag.py:63} WARNING - No data returned for symbol: AAPL
[2025-08-08T12:23:23.868+0000] {stock_data_dag.py:55} INFO - Fetching data for symbol: GOOGL
[2025-08-08T12:23:23.868+0000] {fetch_and_store.py:93} INFO - Fetching data for GOOGL (attempt 1/3)
[2025-08-08T12:23:25.076+0000] {fetch_and_store.py:40} WARNING - Invalid data structure: missing 'Global Quote'
[2025-08-08T12:23:25.077+0000] {fetch_and_store.py:124} WARNING - Data validation failed for GOOGL
[2025-08-08T12:23:25.078+0000] {stock_data_dag.py:63} WARNING - No data returned for symbol: GOOGL
[2025-08-08T12:23:25.079+0000] {stock_data_dag.py:55} INFO - Fetching data for symbol: MSFT
[2025-08-08T12:23:25.080+0000] {fetch_and_store.py:93} INFO - Fetching data for MSFT (attempt 1/3)
[2025-08-08T12:23:25.800+0000] {fetch_and_store.py:76} INFO - Stock data validation successful
[2025-08-08T12:23:25.801+0000] {fetch_and_store.py:121} INFO - Successfully fetched and validated data for MSFT
[2025-08-08T12:23:25.818+0000] {fetch_and_store.py:271} INFO - Successfully stored/updated data for MSFT on 2025-08-07
[2025-08-08T12:23:25.819+0000] {stock_data_dag.py:61} INFO - Successfully processed data for MSFT
[2025-08-08T12:23:25.820+0000] {stock_data_dag.py:75} INFO - Task completed successfully. Processed 2/4 symbols
[2025-08-08T12:23:25.821+0000] {python.py:201} INFO - Done. Returned value was: None
[2025-08-08T12:23:25.834+0000] {taskinstance.py:1138} INFO - Marking task as SUCCESS. dag_id=stock_data_pipeline, task_id=fetch_and_store_stock_data, execution_date=20250807T000000, start_date=20250808T122320, end_date=20250808T122325
[2025-08-08T12:23:25.875+0000] {local_task_job_runner.py:234} INFO - Task exited with return code 0
[2025-08-08T12:23:25.902+0000] {taskinstance.py:3280} INFO - 1 downstream tasks scheduled from follow-on schedule check
