[2025-08-08T12:19:30.947+0000] {processor.py:161} INFO - Started process (PID=220) to work on /opt/airflow/dags/stock_data_dag.py
[2025-08-08T12:19:30.949+0000] {processor.py:830} INFO - Processing file /opt/airflow/dags/stock_data_dag.py for tasks to queue
[2025-08-08T12:19:30.950+0000] {logging_mixin.py:188} INFO - [2025-08-08T12:19:30.950+0000] {dagbag.py:538} INFO - Filling up the DagBag from /opt/airflow/dags/stock_data_dag.py
[2025-08-08T12:19:31.077+0000] {processor.py:840} INFO - DAG(s) 'stock_data_pipeline' retrieved from /opt/airflow/dags/stock_data_dag.py
[2025-08-08T12:19:31.418+0000] {logging_mixin.py:188} INFO - [2025-08-08T12:19:31.417+0000] {override.py:1769} INFO - Created Permission View: can delete on DAG:stock_data_pipeline
[2025-08-08T12:19:31.438+0000] {logging_mixin.py:188} INFO - [2025-08-08T12:19:31.437+0000] {override.py:1769} INFO - Created Permission View: can edit on DAG:stock_data_pipeline
[2025-08-08T12:19:31.450+0000] {logging_mixin.py:188} INFO - [2025-08-08T12:19:31.449+0000] {override.py:1769} INFO - Created Permission View: can read on DAG:stock_data_pipeline
[2025-08-08T12:19:31.451+0000] {logging_mixin.py:188} INFO - [2025-08-08T12:19:31.450+0000] {dag.py:3036} INFO - Sync 1 DAGs
[2025-08-08T12:19:31.471+0000] {logging_mixin.py:188} INFO - [2025-08-08T12:19:31.470+0000] {dag.py:3058} INFO - Creating ORM DAG for stock_data_pipeline
[2025-08-08T12:19:31.486+0000] {logging_mixin.py:188} INFO - [2025-08-08T12:19:31.486+0000] {dag.py:3823} INFO - Setting next_dagrun for stock_data_pipeline to 2025-08-07 00:00:00+00:00, run_after=2025-08-08 00:00:00+00:00
[2025-08-08T12:19:31.522+0000] {processor.py:183} INFO - Processing /opt/airflow/dags/stock_data_dag.py took 0.586 seconds
[2025-08-08T12:20:12.646+0000] {processor.py:161} INFO - Started process (PID=216) to work on /opt/airflow/dags/stock_data_dag.py
[2025-08-08T12:20:12.649+0000] {processor.py:830} INFO - Processing file /opt/airflow/dags/stock_data_dag.py for tasks to queue
[2025-08-08T12:20:12.652+0000] {logging_mixin.py:188} INFO - [2025-08-08T12:20:12.652+0000] {dagbag.py:538} INFO - Filling up the DagBag from /opt/airflow/dags/stock_data_dag.py
[2025-08-08T12:20:12.722+0000] {processor.py:840} INFO - DAG(s) 'stock_data_pipeline' retrieved from /opt/airflow/dags/stock_data_dag.py
[2025-08-08T12:20:13.159+0000] {logging_mixin.py:188} INFO - [2025-08-08T12:20:13.159+0000] {dag.py:3036} INFO - Sync 1 DAGs
[2025-08-08T12:20:13.191+0000] {logging_mixin.py:188} INFO - [2025-08-08T12:20:13.191+0000] {dag.py:3823} INFO - Setting next_dagrun for stock_data_pipeline to 2025-08-07 00:00:00+00:00, run_after=2025-08-08 00:00:00+00:00
[2025-08-08T12:20:13.222+0000] {processor.py:183} INFO - Processing /opt/airflow/dags/stock_data_dag.py took 0.584 seconds
[2025-08-08T12:20:43.454+0000] {processor.py:161} INFO - Started process (PID=227) to work on /opt/airflow/dags/stock_data_dag.py
[2025-08-08T12:20:43.456+0000] {processor.py:830} INFO - Processing file /opt/airflow/dags/stock_data_dag.py for tasks to queue
[2025-08-08T12:20:43.458+0000] {logging_mixin.py:188} INFO - [2025-08-08T12:20:43.457+0000] {dagbag.py:538} INFO - Filling up the DagBag from /opt/airflow/dags/stock_data_dag.py
[2025-08-08T12:20:43.499+0000] {processor.py:840} INFO - DAG(s) 'stock_data_pipeline' retrieved from /opt/airflow/dags/stock_data_dag.py
[2025-08-08T12:20:43.543+0000] {logging_mixin.py:188} INFO - [2025-08-08T12:20:43.542+0000] {dag.py:3036} INFO - Sync 1 DAGs
[2025-08-08T12:20:43.596+0000] {logging_mixin.py:188} INFO - [2025-08-08T12:20:43.596+0000] {dag.py:3823} INFO - Setting next_dagrun for stock_data_pipeline to 2025-08-07 00:00:00+00:00, run_after=2025-08-08 00:00:00+00:00
[2025-08-08T12:20:43.625+0000] {processor.py:183} INFO - Processing /opt/airflow/dags/stock_data_dag.py took 0.176 seconds
[2025-08-08T12:21:13.693+0000] {processor.py:161} INFO - Started process (PID=238) to work on /opt/airflow/dags/stock_data_dag.py
[2025-08-08T12:21:13.696+0000] {processor.py:830} INFO - Processing file /opt/airflow/dags/stock_data_dag.py for tasks to queue
[2025-08-08T12:21:13.698+0000] {logging_mixin.py:188} INFO - [2025-08-08T12:21:13.697+0000] {dagbag.py:538} INFO - Filling up the DagBag from /opt/airflow/dags/stock_data_dag.py
[2025-08-08T12:21:13.745+0000] {processor.py:840} INFO - DAG(s) 'stock_data_pipeline' retrieved from /opt/airflow/dags/stock_data_dag.py
[2025-08-08T12:21:13.792+0000] {logging_mixin.py:188} INFO - [2025-08-08T12:21:13.791+0000] {dag.py:3036} INFO - Sync 1 DAGs
[2025-08-08T12:21:13.866+0000] {logging_mixin.py:188} INFO - [2025-08-08T12:21:13.859+0000] {dag.py:3823} INFO - Setting next_dagrun for stock_data_pipeline to 2025-08-07 00:00:00+00:00, run_after=2025-08-08 00:00:00+00:00
[2025-08-08T12:21:13.955+0000] {processor.py:183} INFO - Processing /opt/airflow/dags/stock_data_dag.py took 0.268 seconds
[2025-08-08T12:21:44.112+0000] {processor.py:161} INFO - Started process (PID=249) to work on /opt/airflow/dags/stock_data_dag.py
[2025-08-08T12:21:44.113+0000] {processor.py:830} INFO - Processing file /opt/airflow/dags/stock_data_dag.py for tasks to queue
[2025-08-08T12:21:44.116+0000] {logging_mixin.py:188} INFO - [2025-08-08T12:21:44.115+0000] {dagbag.py:538} INFO - Filling up the DagBag from /opt/airflow/dags/stock_data_dag.py
[2025-08-08T12:21:44.163+0000] {processor.py:840} INFO - DAG(s) 'stock_data_pipeline' retrieved from /opt/airflow/dags/stock_data_dag.py
[2025-08-08T12:21:44.220+0000] {logging_mixin.py:188} INFO - [2025-08-08T12:21:44.219+0000] {dag.py:3036} INFO - Sync 1 DAGs
[2025-08-08T12:21:44.283+0000] {logging_mixin.py:188} INFO - [2025-08-08T12:21:44.283+0000] {dag.py:3823} INFO - Setting next_dagrun for stock_data_pipeline to 2025-08-07 00:00:00+00:00, run_after=2025-08-08 00:00:00+00:00
[2025-08-08T12:21:44.320+0000] {processor.py:183} INFO - Processing /opt/airflow/dags/stock_data_dag.py took 0.213 seconds
[2025-08-08T12:22:14.556+0000] {processor.py:161} INFO - Started process (PID=278) to work on /opt/airflow/dags/stock_data_dag.py
[2025-08-08T12:22:14.557+0000] {processor.py:830} INFO - Processing file /opt/airflow/dags/stock_data_dag.py for tasks to queue
[2025-08-08T12:22:14.560+0000] {logging_mixin.py:188} INFO - [2025-08-08T12:22:14.559+0000] {dagbag.py:538} INFO - Filling up the DagBag from /opt/airflow/dags/stock_data_dag.py
[2025-08-08T12:22:14.604+0000] {processor.py:840} INFO - DAG(s) 'stock_data_pipeline' retrieved from /opt/airflow/dags/stock_data_dag.py
[2025-08-08T12:22:14.650+0000] {logging_mixin.py:188} INFO - [2025-08-08T12:22:14.650+0000] {dag.py:3036} INFO - Sync 1 DAGs
[2025-08-08T12:22:14.693+0000] {logging_mixin.py:188} INFO - [2025-08-08T12:22:14.692+0000] {dag.py:3823} INFO - Setting next_dagrun for stock_data_pipeline to 2025-08-07 00:00:00+00:00, run_after=2025-08-08 00:00:00+00:00
[2025-08-08T12:22:14.732+0000] {processor.py:183} INFO - Processing /opt/airflow/dags/stock_data_dag.py took 0.181 seconds
[2025-08-08T12:22:44.944+0000] {processor.py:161} INFO - Started process (PID=289) to work on /opt/airflow/dags/stock_data_dag.py
[2025-08-08T12:22:44.946+0000] {processor.py:830} INFO - Processing file /opt/airflow/dags/stock_data_dag.py for tasks to queue
[2025-08-08T12:22:44.948+0000] {logging_mixin.py:188} INFO - [2025-08-08T12:22:44.947+0000] {dagbag.py:538} INFO - Filling up the DagBag from /opt/airflow/dags/stock_data_dag.py
[2025-08-08T12:22:44.988+0000] {processor.py:840} INFO - DAG(s) 'stock_data_pipeline' retrieved from /opt/airflow/dags/stock_data_dag.py
[2025-08-08T12:22:45.037+0000] {logging_mixin.py:188} INFO - [2025-08-08T12:22:45.037+0000] {dag.py:3036} INFO - Sync 1 DAGs
[2025-08-08T12:22:45.074+0000] {logging_mixin.py:188} INFO - [2025-08-08T12:22:45.073+0000] {dag.py:3823} INFO - Setting next_dagrun for stock_data_pipeline to 2025-08-07 00:00:00+00:00, run_after=2025-08-08 00:00:00+00:00
[2025-08-08T12:22:45.108+0000] {processor.py:183} INFO - Processing /opt/airflow/dags/stock_data_dag.py took 0.169 seconds
[2025-08-08T12:23:15.330+0000] {processor.py:161} INFO - Started process (PID=300) to work on /opt/airflow/dags/stock_data_dag.py
[2025-08-08T12:23:15.331+0000] {processor.py:830} INFO - Processing file /opt/airflow/dags/stock_data_dag.py for tasks to queue
[2025-08-08T12:23:15.334+0000] {logging_mixin.py:188} INFO - [2025-08-08T12:23:15.333+0000] {dagbag.py:538} INFO - Filling up the DagBag from /opt/airflow/dags/stock_data_dag.py
[2025-08-08T12:23:15.381+0000] {processor.py:840} INFO - DAG(s) 'stock_data_pipeline' retrieved from /opt/airflow/dags/stock_data_dag.py
[2025-08-08T12:23:15.429+0000] {logging_mixin.py:188} INFO - [2025-08-08T12:23:15.429+0000] {dag.py:3036} INFO - Sync 1 DAGs
[2025-08-08T12:23:15.487+0000] {logging_mixin.py:188} INFO - [2025-08-08T12:23:15.487+0000] {dag.py:3823} INFO - Setting next_dagrun for stock_data_pipeline to 2025-08-07 00:00:00+00:00, run_after=2025-08-08 00:00:00+00:00
[2025-08-08T12:23:15.519+0000] {processor.py:183} INFO - Processing /opt/airflow/dags/stock_data_dag.py took 0.196 seconds
[2025-08-08T12:23:45.749+0000] {processor.py:161} INFO - Started process (PID=322) to work on /opt/airflow/dags/stock_data_dag.py
[2025-08-08T12:23:45.752+0000] {processor.py:830} INFO - Processing file /opt/airflow/dags/stock_data_dag.py for tasks to queue
[2025-08-08T12:23:45.754+0000] {logging_mixin.py:188} INFO - [2025-08-08T12:23:45.753+0000] {dagbag.py:538} INFO - Filling up the DagBag from /opt/airflow/dags/stock_data_dag.py
[2025-08-08T12:23:45.794+0000] {processor.py:840} INFO - DAG(s) 'stock_data_pipeline' retrieved from /opt/airflow/dags/stock_data_dag.py
[2025-08-08T12:23:45.837+0000] {logging_mixin.py:188} INFO - [2025-08-08T12:23:45.836+0000] {dag.py:3036} INFO - Sync 1 DAGs
[2025-08-08T12:23:45.901+0000] {processor.py:183} INFO - Processing /opt/airflow/dags/stock_data_dag.py took 0.159 seconds
[2025-08-08T12:24:15.959+0000] {processor.py:161} INFO - Started process (PID=334) to work on /opt/airflow/dags/stock_data_dag.py
[2025-08-08T12:24:15.960+0000] {processor.py:830} INFO - Processing file /opt/airflow/dags/stock_data_dag.py for tasks to queue
[2025-08-08T12:24:15.962+0000] {logging_mixin.py:188} INFO - [2025-08-08T12:24:15.961+0000] {dagbag.py:538} INFO - Filling up the DagBag from /opt/airflow/dags/stock_data_dag.py
[2025-08-08T12:24:16.014+0000] {processor.py:840} INFO - DAG(s) 'stock_data_pipeline' retrieved from /opt/airflow/dags/stock_data_dag.py
[2025-08-08T12:24:16.055+0000] {logging_mixin.py:188} INFO - [2025-08-08T12:24:16.054+0000] {dag.py:3036} INFO - Sync 1 DAGs
[2025-08-08T12:24:16.093+0000] {logging_mixin.py:188} INFO - [2025-08-08T12:24:16.093+0000] {dag.py:3823} INFO - Setting next_dagrun for stock_data_pipeline to 2025-08-08 00:00:00+00:00, run_after=2025-08-09 00:00:00+00:00
[2025-08-08T12:24:16.125+0000] {processor.py:183} INFO - Processing /opt/airflow/dags/stock_data_dag.py took 0.172 seconds
[2025-08-08T12:24:46.314+0000] {processor.py:161} INFO - Started process (PID=345) to work on /opt/airflow/dags/stock_data_dag.py
[2025-08-08T12:24:46.315+0000] {processor.py:830} INFO - Processing file /opt/airflow/dags/stock_data_dag.py for tasks to queue
[2025-08-08T12:24:46.317+0000] {logging_mixin.py:188} INFO - [2025-08-08T12:24:46.316+0000] {dagbag.py:538} INFO - Filling up the DagBag from /opt/airflow/dags/stock_data_dag.py
[2025-08-08T12:24:46.369+0000] {processor.py:840} INFO - DAG(s) 'stock_data_pipeline' retrieved from /opt/airflow/dags/stock_data_dag.py
[2025-08-08T12:24:46.415+0000] {logging_mixin.py:188} INFO - [2025-08-08T12:24:46.415+0000] {dag.py:3036} INFO - Sync 1 DAGs
[2025-08-08T12:24:46.454+0000] {logging_mixin.py:188} INFO - [2025-08-08T12:24:46.454+0000] {dag.py:3823} INFO - Setting next_dagrun for stock_data_pipeline to 2025-08-08 00:00:00+00:00, run_after=2025-08-09 00:00:00+00:00
[2025-08-08T12:24:46.485+0000] {processor.py:183} INFO - Processing /opt/airflow/dags/stock_data_dag.py took 0.178 seconds
[2025-08-08T12:25:16.551+0000] {processor.py:161} INFO - Started process (PID=356) to work on /opt/airflow/dags/stock_data_dag.py
[2025-08-08T12:25:16.557+0000] {processor.py:830} INFO - Processing file /opt/airflow/dags/stock_data_dag.py for tasks to queue
[2025-08-08T12:25:16.560+0000] {logging_mixin.py:188} INFO - [2025-08-08T12:25:16.559+0000] {dagbag.py:538} INFO - Filling up the DagBag from /opt/airflow/dags/stock_data_dag.py
[2025-08-08T12:25:16.605+0000] {processor.py:840} INFO - DAG(s) 'stock_data_pipeline' retrieved from /opt/airflow/dags/stock_data_dag.py
[2025-08-08T12:25:16.680+0000] {logging_mixin.py:188} INFO - [2025-08-08T12:25:16.680+0000] {dag.py:3036} INFO - Sync 1 DAGs
[2025-08-08T12:25:16.778+0000] {logging_mixin.py:188} INFO - [2025-08-08T12:25:16.778+0000] {dag.py:3823} INFO - Setting next_dagrun for stock_data_pipeline to 2025-08-08 00:00:00+00:00, run_after=2025-08-09 00:00:00+00:00
[2025-08-08T12:25:16.846+0000] {processor.py:183} INFO - Processing /opt/airflow/dags/stock_data_dag.py took 0.301 seconds
[2025-08-08T12:25:46.987+0000] {processor.py:161} INFO - Started process (PID=367) to work on /opt/airflow/dags/stock_data_dag.py
[2025-08-08T12:25:46.988+0000] {processor.py:830} INFO - Processing file /opt/airflow/dags/stock_data_dag.py for tasks to queue
[2025-08-08T12:25:46.990+0000] {logging_mixin.py:188} INFO - [2025-08-08T12:25:46.989+0000] {dagbag.py:538} INFO - Filling up the DagBag from /opt/airflow/dags/stock_data_dag.py
[2025-08-08T12:25:47.033+0000] {processor.py:840} INFO - DAG(s) 'stock_data_pipeline' retrieved from /opt/airflow/dags/stock_data_dag.py
[2025-08-08T12:25:47.072+0000] {logging_mixin.py:188} INFO - [2025-08-08T12:25:47.072+0000] {dag.py:3036} INFO - Sync 1 DAGs
[2025-08-08T12:25:47.107+0000] {logging_mixin.py:188} INFO - [2025-08-08T12:25:47.107+0000] {dag.py:3823} INFO - Setting next_dagrun for stock_data_pipeline to 2025-08-08 00:00:00+00:00, run_after=2025-08-09 00:00:00+00:00
[2025-08-08T12:25:47.140+0000] {processor.py:183} INFO - Processing /opt/airflow/dags/stock_data_dag.py took 0.157 seconds
[2025-08-08T12:26:17.364+0000] {processor.py:161} INFO - Started process (PID=379) to work on /opt/airflow/dags/stock_data_dag.py
[2025-08-08T12:26:17.366+0000] {processor.py:830} INFO - Processing file /opt/airflow/dags/stock_data_dag.py for tasks to queue
[2025-08-08T12:26:17.368+0000] {logging_mixin.py:188} INFO - [2025-08-08T12:26:17.367+0000] {dagbag.py:538} INFO - Filling up the DagBag from /opt/airflow/dags/stock_data_dag.py
[2025-08-08T12:26:17.417+0000] {processor.py:840} INFO - DAG(s) 'stock_data_pipeline' retrieved from /opt/airflow/dags/stock_data_dag.py
[2025-08-08T12:26:17.464+0000] {logging_mixin.py:188} INFO - [2025-08-08T12:26:17.464+0000] {dag.py:3036} INFO - Sync 1 DAGs
[2025-08-08T12:26:17.501+0000] {logging_mixin.py:188} INFO - [2025-08-08T12:26:17.500+0000] {dag.py:3823} INFO - Setting next_dagrun for stock_data_pipeline to 2025-08-08 00:00:00+00:00, run_after=2025-08-09 00:00:00+00:00
[2025-08-08T12:26:17.540+0000] {processor.py:183} INFO - Processing /opt/airflow/dags/stock_data_dag.py took 0.180 seconds
[2025-08-08T12:26:47.764+0000] {processor.py:161} INFO - Started process (PID=390) to work on /opt/airflow/dags/stock_data_dag.py
[2025-08-08T12:26:47.766+0000] {processor.py:830} INFO - Processing file /opt/airflow/dags/stock_data_dag.py for tasks to queue
[2025-08-08T12:26:47.769+0000] {logging_mixin.py:188} INFO - [2025-08-08T12:26:47.768+0000] {dagbag.py:538} INFO - Filling up the DagBag from /opt/airflow/dags/stock_data_dag.py
[2025-08-08T12:26:47.821+0000] {processor.py:840} INFO - DAG(s) 'stock_data_pipeline' retrieved from /opt/airflow/dags/stock_data_dag.py
[2025-08-08T12:26:47.867+0000] {logging_mixin.py:188} INFO - [2025-08-08T12:26:47.866+0000] {dag.py:3036} INFO - Sync 1 DAGs
[2025-08-08T12:26:47.902+0000] {logging_mixin.py:188} INFO - [2025-08-08T12:26:47.902+0000] {dag.py:3823} INFO - Setting next_dagrun for stock_data_pipeline to 2025-08-08 00:00:00+00:00, run_after=2025-08-09 00:00:00+00:00
[2025-08-08T12:26:47.939+0000] {processor.py:183} INFO - Processing /opt/airflow/dags/stock_data_dag.py took 0.181 seconds
[2025-08-08T12:27:18.171+0000] {processor.py:161} INFO - Started process (PID=401) to work on /opt/airflow/dags/stock_data_dag.py
[2025-08-08T12:27:18.173+0000] {processor.py:830} INFO - Processing file /opt/airflow/dags/stock_data_dag.py for tasks to queue
[2025-08-08T12:27:18.175+0000] {logging_mixin.py:188} INFO - [2025-08-08T12:27:18.175+0000] {dagbag.py:538} INFO - Filling up the DagBag from /opt/airflow/dags/stock_data_dag.py
[2025-08-08T12:27:18.216+0000] {processor.py:840} INFO - DAG(s) 'stock_data_pipeline' retrieved from /opt/airflow/dags/stock_data_dag.py
[2025-08-08T12:27:18.255+0000] {logging_mixin.py:188} INFO - [2025-08-08T12:27:18.254+0000] {dag.py:3036} INFO - Sync 1 DAGs
[2025-08-08T12:27:18.292+0000] {logging_mixin.py:188} INFO - [2025-08-08T12:27:18.291+0000] {dag.py:3823} INFO - Setting next_dagrun for stock_data_pipeline to 2025-08-08 00:00:00+00:00, run_after=2025-08-09 00:00:00+00:00
[2025-08-08T12:27:18.323+0000] {processor.py:183} INFO - Processing /opt/airflow/dags/stock_data_dag.py took 0.161 seconds
[2025-08-08T12:27:48.422+0000] {processor.py:161} INFO - Started process (PID=412) to work on /opt/airflow/dags/stock_data_dag.py
[2025-08-08T12:27:48.424+0000] {processor.py:830} INFO - Processing file /opt/airflow/dags/stock_data_dag.py for tasks to queue
[2025-08-08T12:27:48.425+0000] {logging_mixin.py:188} INFO - [2025-08-08T12:27:48.425+0000] {dagbag.py:538} INFO - Filling up the DagBag from /opt/airflow/dags/stock_data_dag.py
[2025-08-08T12:27:48.463+0000] {processor.py:840} INFO - DAG(s) 'stock_data_pipeline' retrieved from /opt/airflow/dags/stock_data_dag.py
[2025-08-08T12:27:48.506+0000] {logging_mixin.py:188} INFO - [2025-08-08T12:27:48.506+0000] {dag.py:3036} INFO - Sync 1 DAGs
[2025-08-08T12:27:48.546+0000] {logging_mixin.py:188} INFO - [2025-08-08T12:27:48.546+0000] {dag.py:3823} INFO - Setting next_dagrun for stock_data_pipeline to 2025-08-08 00:00:00+00:00, run_after=2025-08-09 00:00:00+00:00
[2025-08-08T12:27:48.583+0000] {processor.py:183} INFO - Processing /opt/airflow/dags/stock_data_dag.py took 0.165 seconds
[2025-08-08T12:28:18.793+0000] {processor.py:161} INFO - Started process (PID=423) to work on /opt/airflow/dags/stock_data_dag.py
[2025-08-08T12:28:18.794+0000] {processor.py:830} INFO - Processing file /opt/airflow/dags/stock_data_dag.py for tasks to queue
[2025-08-08T12:28:18.796+0000] {logging_mixin.py:188} INFO - [2025-08-08T12:28:18.795+0000] {dagbag.py:538} INFO - Filling up the DagBag from /opt/airflow/dags/stock_data_dag.py
[2025-08-08T12:28:18.830+0000] {processor.py:840} INFO - DAG(s) 'stock_data_pipeline' retrieved from /opt/airflow/dags/stock_data_dag.py
[2025-08-08T12:28:18.865+0000] {logging_mixin.py:188} INFO - [2025-08-08T12:28:18.864+0000] {dag.py:3036} INFO - Sync 1 DAGs
[2025-08-08T12:28:18.896+0000] {logging_mixin.py:188} INFO - [2025-08-08T12:28:18.896+0000] {dag.py:3823} INFO - Setting next_dagrun for stock_data_pipeline to 2025-08-08 00:00:00+00:00, run_after=2025-08-09 00:00:00+00:00
[2025-08-08T12:28:18.929+0000] {processor.py:183} INFO - Processing /opt/airflow/dags/stock_data_dag.py took 0.140 seconds
[2025-08-08T12:28:49.022+0000] {processor.py:161} INFO - Started process (PID=434) to work on /opt/airflow/dags/stock_data_dag.py
[2025-08-08T12:28:49.023+0000] {processor.py:830} INFO - Processing file /opt/airflow/dags/stock_data_dag.py for tasks to queue
[2025-08-08T12:28:49.025+0000] {logging_mixin.py:188} INFO - [2025-08-08T12:28:49.024+0000] {dagbag.py:538} INFO - Filling up the DagBag from /opt/airflow/dags/stock_data_dag.py
[2025-08-08T12:28:49.060+0000] {processor.py:840} INFO - DAG(s) 'stock_data_pipeline' retrieved from /opt/airflow/dags/stock_data_dag.py
[2025-08-08T12:28:49.098+0000] {logging_mixin.py:188} INFO - [2025-08-08T12:28:49.098+0000] {dag.py:3036} INFO - Sync 1 DAGs
[2025-08-08T12:28:49.132+0000] {logging_mixin.py:188} INFO - [2025-08-08T12:28:49.132+0000] {dag.py:3823} INFO - Setting next_dagrun for stock_data_pipeline to 2025-08-08 00:00:00+00:00, run_after=2025-08-09 00:00:00+00:00
[2025-08-08T12:28:49.161+0000] {processor.py:183} INFO - Processing /opt/airflow/dags/stock_data_dag.py took 0.144 seconds
[2025-08-08T12:29:19.354+0000] {processor.py:161} INFO - Started process (PID=445) to work on /opt/airflow/dags/stock_data_dag.py
[2025-08-08T12:29:19.355+0000] {processor.py:830} INFO - Processing file /opt/airflow/dags/stock_data_dag.py for tasks to queue
[2025-08-08T12:29:19.358+0000] {logging_mixin.py:188} INFO - [2025-08-08T12:29:19.357+0000] {dagbag.py:538} INFO - Filling up the DagBag from /opt/airflow/dags/stock_data_dag.py
[2025-08-08T12:29:19.394+0000] {processor.py:840} INFO - DAG(s) 'stock_data_pipeline' retrieved from /opt/airflow/dags/stock_data_dag.py
[2025-08-08T12:29:19.437+0000] {logging_mixin.py:188} INFO - [2025-08-08T12:29:19.437+0000] {dag.py:3036} INFO - Sync 1 DAGs
[2025-08-08T12:29:19.470+0000] {logging_mixin.py:188} INFO - [2025-08-08T12:29:19.469+0000] {dag.py:3823} INFO - Setting next_dagrun for stock_data_pipeline to 2025-08-08 00:00:00+00:00, run_after=2025-08-09 00:00:00+00:00
[2025-08-08T12:29:19.502+0000] {processor.py:183} INFO - Processing /opt/airflow/dags/stock_data_dag.py took 0.154 seconds
[2025-08-08T12:29:49.560+0000] {processor.py:161} INFO - Started process (PID=457) to work on /opt/airflow/dags/stock_data_dag.py
[2025-08-08T12:29:49.561+0000] {processor.py:830} INFO - Processing file /opt/airflow/dags/stock_data_dag.py for tasks to queue
[2025-08-08T12:29:49.563+0000] {logging_mixin.py:188} INFO - [2025-08-08T12:29:49.563+0000] {dagbag.py:538} INFO - Filling up the DagBag from /opt/airflow/dags/stock_data_dag.py
[2025-08-08T12:29:49.599+0000] {processor.py:840} INFO - DAG(s) 'stock_data_pipeline' retrieved from /opt/airflow/dags/stock_data_dag.py
[2025-08-08T12:29:49.647+0000] {logging_mixin.py:188} INFO - [2025-08-08T12:29:49.646+0000] {dag.py:3036} INFO - Sync 1 DAGs
[2025-08-08T12:29:49.687+0000] {logging_mixin.py:188} INFO - [2025-08-08T12:29:49.687+0000] {dag.py:3823} INFO - Setting next_dagrun for stock_data_pipeline to 2025-08-08 00:00:00+00:00, run_after=2025-08-09 00:00:00+00:00
[2025-08-08T12:29:49.729+0000] {processor.py:183} INFO - Processing /opt/airflow/dags/stock_data_dag.py took 0.174 seconds
[2025-08-08T12:30:19.963+0000] {processor.py:161} INFO - Started process (PID=468) to work on /opt/airflow/dags/stock_data_dag.py
[2025-08-08T12:30:19.967+0000] {processor.py:830} INFO - Processing file /opt/airflow/dags/stock_data_dag.py for tasks to queue
[2025-08-08T12:30:19.983+0000] {logging_mixin.py:188} INFO - [2025-08-08T12:30:19.982+0000] {dagbag.py:538} INFO - Filling up the DagBag from /opt/airflow/dags/stock_data_dag.py
[2025-08-08T12:30:20.161+0000] {processor.py:840} INFO - DAG(s) 'stock_data_pipeline' retrieved from /opt/airflow/dags/stock_data_dag.py
[2025-08-08T12:30:20.210+0000] {logging_mixin.py:188} INFO - [2025-08-08T12:30:20.210+0000] {dag.py:3036} INFO - Sync 1 DAGs
[2025-08-08T12:30:20.251+0000] {logging_mixin.py:188} INFO - [2025-08-08T12:30:20.251+0000] {dag.py:3823} INFO - Setting next_dagrun for stock_data_pipeline to 2025-08-08 00:00:00+00:00, run_after=2025-08-09 00:00:00+00:00
[2025-08-08T12:30:20.288+0000] {processor.py:183} INFO - Processing /opt/airflow/dags/stock_data_dag.py took 0.337 seconds
[2025-08-08T12:30:50.526+0000] {processor.py:161} INFO - Started process (PID=479) to work on /opt/airflow/dags/stock_data_dag.py
[2025-08-08T12:30:50.528+0000] {processor.py:830} INFO - Processing file /opt/airflow/dags/stock_data_dag.py for tasks to queue
[2025-08-08T12:30:50.530+0000] {logging_mixin.py:188} INFO - [2025-08-08T12:30:50.529+0000] {dagbag.py:538} INFO - Filling up the DagBag from /opt/airflow/dags/stock_data_dag.py
[2025-08-08T12:30:50.575+0000] {processor.py:840} INFO - DAG(s) 'stock_data_pipeline' retrieved from /opt/airflow/dags/stock_data_dag.py
[2025-08-08T12:30:50.913+0000] {logging_mixin.py:188} INFO - [2025-08-08T12:30:50.912+0000] {dag.py:3036} INFO - Sync 1 DAGs
[2025-08-08T12:30:50.958+0000] {logging_mixin.py:188} INFO - [2025-08-08T12:30:50.958+0000] {dag.py:3823} INFO - Setting next_dagrun for stock_data_pipeline to 2025-08-08 00:00:00+00:00, run_after=2025-08-09 00:00:00+00:00
[2025-08-08T12:30:51.017+0000] {processor.py:183} INFO - Processing /opt/airflow/dags/stock_data_dag.py took 0.497 seconds
[2025-08-08T12:31:21.309+0000] {processor.py:161} INFO - Started process (PID=490) to work on /opt/airflow/dags/stock_data_dag.py
[2025-08-08T12:31:21.311+0000] {processor.py:830} INFO - Processing file /opt/airflow/dags/stock_data_dag.py for tasks to queue
[2025-08-08T12:31:21.312+0000] {logging_mixin.py:188} INFO - [2025-08-08T12:31:21.312+0000] {dagbag.py:538} INFO - Filling up the DagBag from /opt/airflow/dags/stock_data_dag.py
[2025-08-08T12:31:21.358+0000] {processor.py:840} INFO - DAG(s) 'stock_data_pipeline' retrieved from /opt/airflow/dags/stock_data_dag.py
[2025-08-08T12:31:21.402+0000] {logging_mixin.py:188} INFO - [2025-08-08T12:31:21.402+0000] {dag.py:3036} INFO - Sync 1 DAGs
[2025-08-08T12:31:21.434+0000] {logging_mixin.py:188} INFO - [2025-08-08T12:31:21.434+0000] {dag.py:3823} INFO - Setting next_dagrun for stock_data_pipeline to 2025-08-08 00:00:00+00:00, run_after=2025-08-09 00:00:00+00:00
[2025-08-08T12:31:21.466+0000] {processor.py:183} INFO - Processing /opt/airflow/dags/stock_data_dag.py took 0.163 seconds
