[2025-08-10T06:06:22.791+0000] {taskinstance.py:1956} INFO - Dependencies all met for dep_context=non-requeueable deps ti=<TaskInstance: stock_data_pipeline.fetch_and_store_stock_data scheduled__2025-08-09T00:00:00+00:00 [queued]>
[2025-08-10T06:06:22.802+0000] {taskinstance.py:1956} INFO - Dependencies all met for dep_context=requeueable deps ti=<TaskInstance: stock_data_pipeline.fetch_and_store_stock_data scheduled__2025-08-09T00:00:00+00:00 [queued]>
[2025-08-10T06:06:22.803+0000] {taskinstance.py:2170} INFO - Starting attempt 1 of 4
[2025-08-10T06:06:22.822+0000] {taskinstance.py:2191} INFO - Executing <Task(PythonOperator): fetch_and_store_stock_data> on 2025-08-09 00:00:00+00:00
[2025-08-10T06:06:22.826+0000] {standard_task_runner.py:60} INFO - Started process 231 to run task
[2025-08-10T06:06:22.830+0000] {standard_task_runner.py:87} INFO - Running: ['***', 'tasks', 'run', 'stock_data_pipeline', 'fetch_and_store_stock_data', 'scheduled__2025-08-09T00:00:00+00:00', '--job-id', '14', '--raw', '--subdir', 'DAGS_FOLDER/stock_data_dag.py', '--cfg-path', '/tmp/tmp5g1_1z2g']
[2025-08-10T06:06:22.833+0000] {standard_task_runner.py:88} INFO - Job 14: Subtask fetch_and_store_stock_data
[2025-08-10T06:06:22.854+0000] {logging_mixin.py:188} WARNING - /home/***/.local/lib/python3.8/site-packages/***/settings.py:194 DeprecationWarning: The sql_alchemy_conn option in [core] has been moved to the sql_alchemy_conn option in [database] - the old setting has been used, but please update your config.
[2025-08-10T06:06:22.909+0000] {task_command.py:423} INFO - Running <TaskInstance: stock_data_pipeline.fetch_and_store_stock_data scheduled__2025-08-09T00:00:00+00:00 [running]> on host 9a1c3bbd3057
[2025-08-10T06:06:23.047+0000] {taskinstance.py:2480} INFO - Exporting env vars: AIRFLOW_CTX_DAG_OWNER='data_team' AIRFLOW_CTX_DAG_ID='stock_data_pipeline' AIRFLOW_CTX_TASK_ID='fetch_and_store_stock_data' AIRFLOW_CTX_EXECUTION_DATE='2025-08-09T00:00:00+00:00' AIRFLOW_CTX_TRY_NUMBER='1' AIRFLOW_CTX_DAG_RUN_ID='scheduled__2025-08-09T00:00:00+00:00'
[2025-08-10T06:06:23.049+0000] {stock_data_dag.py:45} INFO - Starting stock data fetch and store process
[2025-08-10T06:06:23.051+0000] {stock_data_dag.py:55} INFO - Fetching data for symbol: IBM
[2025-08-10T06:06:23.053+0000] {fetch_and_store.py:93} INFO - Fetching data for IBM (attempt 1/3)
[2025-08-10T06:06:25.215+0000] {fetch_and_store.py:76} INFO - Stock data validation successful
[2025-08-10T06:06:25.216+0000] {fetch_and_store.py:121} INFO - Successfully fetched and validated data for IBM
[2025-08-10T06:06:25.233+0000] {fetch_and_store.py:271} INFO - Successfully stored/updated data for IBM on 2025-08-08
[2025-08-10T06:06:25.234+0000] {stock_data_dag.py:61} INFO - Successfully processed data for IBM
[2025-08-10T06:06:25.234+0000] {stock_data_dag.py:55} INFO - Fetching data for symbol: AAPL
[2025-08-10T06:06:25.235+0000] {fetch_and_store.py:93} INFO - Fetching data for AAPL (attempt 1/3)
[2025-08-10T06:06:27.030+0000] {fetch_and_store.py:40} WARNING - Invalid data structure: missing 'Global Quote'
[2025-08-10T06:06:27.031+0000] {fetch_and_store.py:124} WARNING - Data validation failed for AAPL
[2025-08-10T06:06:27.034+0000] {stock_data_dag.py:63} WARNING - No data returned for symbol: AAPL
[2025-08-10T06:06:27.035+0000] {stock_data_dag.py:55} INFO - Fetching data for symbol: GOOGL
[2025-08-10T06:06:27.035+0000] {fetch_and_store.py:93} INFO - Fetching data for GOOGL (attempt 1/3)
[2025-08-10T06:06:27.740+0000] {fetch_and_store.py:40} WARNING - Invalid data structure: missing 'Global Quote'
[2025-08-10T06:06:27.741+0000] {fetch_and_store.py:124} WARNING - Data validation failed for GOOGL
[2025-08-10T06:06:27.743+0000] {stock_data_dag.py:63} WARNING - No data returned for symbol: GOOGL
[2025-08-10T06:06:27.745+0000] {stock_data_dag.py:55} INFO - Fetching data for symbol: MSFT
[2025-08-10T06:06:27.746+0000] {fetch_and_store.py:93} INFO - Fetching data for MSFT (attempt 1/3)
[2025-08-10T06:06:28.426+0000] {fetch_and_store.py:76} INFO - Stock data validation successful
[2025-08-10T06:06:28.427+0000] {fetch_and_store.py:121} INFO - Successfully fetched and validated data for MSFT
[2025-08-10T06:06:28.438+0000] {fetch_and_store.py:271} INFO - Successfully stored/updated data for MSFT on 2025-08-08
[2025-08-10T06:06:28.439+0000] {stock_data_dag.py:61} INFO - Successfully processed data for MSFT
[2025-08-10T06:06:28.439+0000] {stock_data_dag.py:75} INFO - Task completed successfully. Processed 2/4 symbols
[2025-08-10T06:06:28.440+0000] {python.py:201} INFO - Done. Returned value was: None
[2025-08-10T06:06:28.453+0000] {taskinstance.py:1138} INFO - Marking task as SUCCESS. dag_id=stock_data_pipeline, task_id=fetch_and_store_stock_data, execution_date=20250809T000000, start_date=20250810T060622, end_date=20250810T060628
[2025-08-10T06:06:28.503+0000] {local_task_job_runner.py:234} INFO - Task exited with return code 0
[2025-08-10T06:06:28.523+0000] {taskinstance.py:3280} INFO - 1 downstream tasks scheduled from follow-on schedule check
